Setting CPU time limit = 300 seconds.
Setting memlimit = 0 bytes.
[TimingInfo] width=1024, height=1024, bitsPerPixel=8, levels=4, frames=128
[TimingInfo] batchSize=4096, batchCount=32768, windowCount=8
[TimingInfo] imageSze=1048576, streamSize=134217728
  batchCount=32768, windowCount=8
.[test_timing] Spawning child[child] Set cpuLimit to 300.
Processing 1024 x 1024 image with 8 bits per pixel.
Found 2 platforms
  Platform 0 : NVIDIA Corporation
  Platform 1 : Advanced Micro Devices, Inc.
Choosing platform 0
Found 1 devices
  Device 0 : GRID K520
Choosing device 0
Kernel Done.
[reader] Read todo=113857536 (frame=108), done=20360192, prop=13743895347115.951%, elapsed=5.00, estSecs=0.00
[reader] Read todo=85890048 (frame=81), done=48327680, prop=13743895347136.789%, elapsed=11.50, estSecs=0.00
[reader] Read todo=49511424 (frame=47), done=84706304, prop=13743895347163.891%, elapsed=19.95, estSecs=0.00
[reader] Read todo=2247680 (frame=2), done=131970048, prop=13743895347199.105%, elapsed=30.94, estSecs=0.00
